2023-12-29 15:13:13.817 [main] INFO  com.xinjian.rocket.demo.RocketApplication - Starting RocketApplication on tanrundong with PID 27248 (C:\Users\rundo\Desktop\yunnanxinjian\new_work_palce\rocket\target\classes started by rundo in C:\Users\rundo\Desktop\yunnanxinjian\new_work_palce\rocket)
2023-12-29 15:13:13.820 [background-preinit] WARN  org.springframework.http.converter.json.Jackson2ObjectMapperBuilder - For Jackson Kotlin classes support please add "com.fasterxml.jackson.module:jackson-module-kotlin" to the classpath
2023-12-29 15:13:13.821 [main] INFO  com.xinjian.rocket.demo.RocketApplication - No active profile set, falling back to default profiles: default
2023-12-29 15:13:13.840 [main] INFO  org.springframework.boot.web.servlet.context.AnnotationConfigServletWebServerApplicationContext - Refreshing org.springframework.boot.web.servlet.context.AnnotationConfigServletWebServerApplicationContext@546ccad7: startup date [Fri Dec 29 15:13:13 CST 2023]; root of context hierarchy
2023-12-29 15:13:14.343 [main] INFO  org.springframework.boot.web.embedded.tomcat.TomcatWebServer - Tomcat initialized with port(s): 9099 (http)
2023-12-29 15:13:14.359 [main] INFO  org.apache.coyote.http11.Http11NioProtocol - Initializing ProtocolHandler ["http-nio-9099"]
2023-12-29 15:13:14.359 [main] INFO  org.apache.catalina.core.StandardService - Starting service [Tomcat]
2023-12-29 15:13:14.359 [main] INFO  org.apache.catalina.core.StandardEngine - Starting Servlet Engine: Apache Tomcat/8.5.32
2023-12-29 15:13:14.374 [localhost-startStop-1] INFO  org.apache.catalina.core.AprLifecycleListener - The APR based Apache Tomcat Native library which allows optimal performance in production environments was not found on the java.library.path: [C:\Users\rundo\Documents\Tencent Files\3317729299\FileRecv\eclipse\plugins\org.eclipse.justj.openjdk.hotspot.jre.full.win32.x86_64_17.0.9.v20231028-0858\jre\bin;C:\windows\Sun\Java\bin;C:\windows\system32;C:\windows;C:\Users\rundo\Documents\Tencent Files\3317729299\FileRecv\eclipse\plugins\org.eclipse.justj.openjdk.hotspot.jre.full.win32.x86_64_17.0.9.v20231028-0858\jre;C:\windows\system32;C:\windows;C:\windows\System32\Wbem;C:\windows\System32\WindowsPowerShell\v1.0\;C:\windows\System32\OpenSSH\;C:\Program Files (x86)\NVIDIA Corporation\PhysX\Common;D:\softWare\svn\bin;D:\softWare\apache-maven-3.6.3\bin;C:\Program Files (x86)\Microsoft SQL Server\160\Tools\Binn\;C:\Program Files\Microsoft SQL Server\160\Tools\Binn\;C:\Program Files\Microsoft SQL Server\Client SDK\ODBC\170\Tools\Binn\;C:\Program Files\Microsoft SQL Server\160\DTS\Binn\;:\Program Files (x86)\Microsoft SQL Server\160\DTS\Binn\;C:\Program Files\Azure Data Studio\bin;C:\Program Files\nodejs\node_global;C:\Program Files\nodejs\;C:\Program Files\Git\cmd;C:\Users\rundo\Documents\Tencent Files\3317729299\FileRecv\eclipse\plugins\org.eclipse.justj.openjdk.hotspot.jre.full.win32.x86_64_17.0.9.v20231028-0858\jre\bin;D:\java\Redis\;C:\Users\rundo\AppData\Local\Microsoft\WindowsApps;%IntelliJ IDEA%;C:\Program Files\Azure Data Studio\bin;C:\Users\rundo\AppData\Roaming\npm;;C:\Users\rundo\AppData\Local\Programs\Microsoft VS Code\bin;.]
2023-12-29 15:13:14.421 [localhost-startStop-1] INFO  org.apache.catalina.core.ContainerBase.[Tomcat].[localhost].[/] - Initializing Spring embedded WebApplicationContext
2023-12-29 15:13:14.421 [localhost-startStop-1] INFO  org.springframework.web.context.ContextLoader - Root WebApplicationContext: initialization completed in 581 ms
2023-12-29 15:13:14.468 [localhost-startStop-1] INFO  org.springframework.boot.web.servlet.ServletRegistrationBean - Servlet dispatcherServlet mapped to [/]
2023-12-29 15:13:14.468 [localhost-startStop-1] INFO  org.springframework.boot.web.servlet.FilterRegistrationBean - Mapping filter: 'characterEncodingFilter' to: [/*]
2023-12-29 15:13:14.468 [localhost-startStop-1] INFO  org.springframework.boot.web.servlet.FilterRegistrationBean - Mapping filter: 'hiddenHttpMethodFilter' to: [/*]
2023-12-29 15:13:14.468 [localhost-startStop-1] INFO  org.springframework.boot.web.servlet.FilterRegistrationBean - Mapping filter: 'httpPutFormContentFilter' to: [/*]
2023-12-29 15:13:14.468 [localhost-startStop-1] INFO  org.springframework.boot.web.servlet.FilterRegistrationBean - Mapping filter: 'requestContextFilter' to: [/*]
2023-12-29 15:13:14.531 [main] INFO  org.springframework.web.servlet.handler.SimpleUrlHandlerMapping - Mapped URL path [/**/favicon.ico] onto handler of type [class org.springframework.web.servlet.resource.ResourceHttpRequestHandler]
2023-12-29 15:13:14.619 [main] INFO  org.springframework.web.servlet.mvc.method.annotation.RequestMappingHandlerAdapter - Looking for @ControllerAdvice: org.springframework.boot.web.servlet.context.AnnotationConfigServletWebServerApplicationContext@546ccad7: startup date [Fri Dec 29 15:13:13 CST 2023]; root of context hierarchy
2023-12-29 15:13:14.642 [main] INFO  org.springframework.web.servlet.mvc.method.annotation.RequestMappingHandlerMapping - Mapped "{[/click]}" onto public void com.xinjian.rocket.demo.controller.HandleData.click(java.lang.String,java.lang.String,java.lang.String,java.lang.String,java.lang.String,java.lang.String) throws org.apache.rocketmq.client.exception.MQClientException,org.apache.rocketmq.remoting.exception.RemotingException,java.lang.InterruptedException,org.apache.rocketmq.client.exception.MQBrokerException
2023-12-29 15:13:14.642 [main] INFO  org.springframework.web.servlet.mvc.method.annotation.RequestMappingHandlerMapping - Mapped "{[/error],produces=[text/html]}" onto public org.springframework.web.servlet.ModelAndView org.springframework.boot.autoconfigure.web.servlet.error.BasicErrorController.errorHtml(javax.servlet.http.HttpServletRequest,javax.servlet.http.HttpServletResponse)
2023-12-29 15:13:14.642 [main] INFO  org.springframework.web.servlet.mvc.method.annotation.RequestMappingHandlerMapping - Mapped "{[/error]}" onto public org.springframework.http.ResponseEntity<java.util.Map<java.lang.String, java.lang.Object>> org.springframework.boot.autoconfigure.web.servlet.error.BasicErrorController.error(javax.servlet.http.HttpServletRequest)
2023-12-29 15:13:14.657 [main] INFO  org.springframework.web.servlet.handler.SimpleUrlHandlerMapping - Mapped URL path [/webjars/**] onto handler of type [class org.springframework.web.servlet.resource.ResourceHttpRequestHandler]
2023-12-29 15:13:14.657 [main] INFO  org.springframework.web.servlet.handler.SimpleUrlHandlerMapping - Mapped URL path [/**] onto handler of type [class org.springframework.web.servlet.resource.ResourceHttpRequestHandler]
2023-12-29 15:13:14.750 [main] INFO  org.apache.coyote.http11.Http11NioProtocol - Starting ProtocolHandler ["http-nio-9099"]
2023-12-29 15:13:14.782 [main] INFO  org.apache.tomcat.util.net.NioSelectorPool - Using a shared selector for servlet write/read
2023-12-29 15:13:14.787 [main] INFO  org.springframework.boot.web.embedded.tomcat.TomcatWebServer - Tomcat started on port(s): 9099 (http) with context path ''
2023-12-29 15:13:14.787 [main] INFO  com.xinjian.rocket.demo.RocketApplication - Started RocketApplication in 1.239 seconds (JVM running for 1.728)
2023-12-29 15:13:14.787 [main] ERROR RocketApplication - ******舞台已搭建，请开始你的表演******
2023-12-29 15:13:14.787 [main] ERROR RocketApplication - *创建master*
2023-12-29 15:17:50.919 [main] INFO  com.xinjian.rocket.demo.RocketApplication - Starting RocketApplication on tanrundong with PID 19156 (C:\Users\rundo\Desktop\yunnanxinjian\new_work_palce\rocket\target\classes started by rundo in C:\Users\rundo\Desktop\yunnanxinjian\new_work_palce\rocket)
2023-12-29 15:17:50.928 [main] INFO  com.xinjian.rocket.demo.RocketApplication - No active profile set, falling back to default profiles: default
2023-12-29 15:17:50.928 [background-preinit] WARN  org.springframework.http.converter.json.Jackson2ObjectMapperBuilder - For Jackson Kotlin classes support please add "com.fasterxml.jackson.module:jackson-module-kotlin" to the classpath
2023-12-29 15:17:50.954 [main] INFO  org.springframework.boot.web.servlet.context.AnnotationConfigServletWebServerApplicationContext - Refreshing org.springframework.boot.web.servlet.context.AnnotationConfigServletWebServerApplicationContext@4264b240: startup date [Fri Dec 29 15:17:50 CST 2023]; root of context hierarchy
2023-12-29 15:17:51.473 [main] INFO  org.springframework.boot.web.embedded.tomcat.TomcatWebServer - Tomcat initialized with port(s): 9099 (http)
2023-12-29 15:17:51.489 [main] INFO  org.apache.coyote.http11.Http11NioProtocol - Initializing ProtocolHandler ["http-nio-9099"]
2023-12-29 15:17:51.489 [main] INFO  org.apache.catalina.core.StandardService - Starting service [Tomcat]
2023-12-29 15:17:51.489 [main] INFO  org.apache.catalina.core.StandardEngine - Starting Servlet Engine: Apache Tomcat/8.5.32
2023-12-29 15:17:51.489 [localhost-startStop-1] INFO  org.apache.catalina.core.AprLifecycleListener - The APR based Apache Tomcat Native library which allows optimal performance in production environments was not found on the java.library.path: [C:\Users\rundo\Documents\Tencent Files\3317729299\FileRecv\eclipse\plugins\org.eclipse.justj.openjdk.hotspot.jre.full.win32.x86_64_17.0.9.v20231028-0858\jre\bin;C:\windows\Sun\Java\bin;C:\windows\system32;C:\windows;C:\Users\rundo\Documents\Tencent Files\3317729299\FileRecv\eclipse\plugins\org.eclipse.justj.openjdk.hotspot.jre.full.win32.x86_64_17.0.9.v20231028-0858\jre;C:\windows\system32;C:\windows;C:\windows\System32\Wbem;C:\windows\System32\WindowsPowerShell\v1.0\;C:\windows\System32\OpenSSH\;C:\Program Files (x86)\NVIDIA Corporation\PhysX\Common;D:\softWare\svn\bin;D:\softWare\apache-maven-3.6.3\bin;C:\Program Files (x86)\Microsoft SQL Server\160\Tools\Binn\;C:\Program Files\Microsoft SQL Server\160\Tools\Binn\;C:\Program Files\Microsoft SQL Server\Client SDK\ODBC\170\Tools\Binn\;C:\Program Files\Microsoft SQL Server\160\DTS\Binn\;:\Program Files (x86)\Microsoft SQL Server\160\DTS\Binn\;C:\Program Files\Azure Data Studio\bin;C:\Program Files\nodejs\node_global;C:\Program Files\nodejs\;C:\Program Files\Git\cmd;C:\Users\rundo\Documents\Tencent Files\3317729299\FileRecv\eclipse\plugins\org.eclipse.justj.openjdk.hotspot.jre.full.win32.x86_64_17.0.9.v20231028-0858\jre\bin;D:\java\Redis\;C:\Users\rundo\AppData\Local\Microsoft\WindowsApps;%IntelliJ IDEA%;C:\Program Files\Azure Data Studio\bin;C:\Users\rundo\AppData\Roaming\npm;;C:\Users\rundo\AppData\Local\Programs\Microsoft VS Code\bin;.]
2023-12-29 15:17:51.552 [localhost-startStop-1] INFO  org.apache.catalina.core.ContainerBase.[Tomcat].[localhost].[/] - Initializing Spring embedded WebApplicationContext
2023-12-29 15:17:51.552 [localhost-startStop-1] INFO  org.springframework.web.context.ContextLoader - Root WebApplicationContext: initialization completed in 605 ms
2023-12-29 15:17:51.599 [localhost-startStop-1] INFO  org.springframework.boot.web.servlet.ServletRegistrationBean - Servlet dispatcherServlet mapped to [/]
2023-12-29 15:17:51.599 [localhost-startStop-1] INFO  org.springframework.boot.web.servlet.FilterRegistrationBean - Mapping filter: 'characterEncodingFilter' to: [/*]
2023-12-29 15:17:51.599 [localhost-startStop-1] INFO  org.springframework.boot.web.servlet.FilterRegistrationBean - Mapping filter: 'hiddenHttpMethodFilter' to: [/*]
2023-12-29 15:17:51.599 [localhost-startStop-1] INFO  org.springframework.boot.web.servlet.FilterRegistrationBean - Mapping filter: 'httpPutFormContentFilter' to: [/*]
2023-12-29 15:17:51.599 [localhost-startStop-1] INFO  org.springframework.boot.web.servlet.FilterRegistrationBean - Mapping filter: 'requestContextFilter' to: [/*]
2023-12-29 15:17:51.662 [main] INFO  org.springframework.web.servlet.handler.SimpleUrlHandlerMapping - Mapped URL path [/**/favicon.ico] onto handler of type [class org.springframework.web.servlet.resource.ResourceHttpRequestHandler]
2023-12-29 15:17:51.756 [main] INFO  org.springframework.web.servlet.mvc.method.annotation.RequestMappingHandlerAdapter - Looking for @ControllerAdvice: org.springframework.boot.web.servlet.context.AnnotationConfigServletWebServerApplicationContext@4264b240: startup date [Fri Dec 29 15:17:50 CST 2023]; root of context hierarchy
2023-12-29 15:17:51.771 [main] INFO  org.springframework.web.servlet.mvc.method.annotation.RequestMappingHandlerMapping - Mapped "{[/click]}" onto public void com.xinjian.rocket.demo.controller.HandleData.click(java.lang.String,java.lang.String,java.lang.String,java.lang.String,java.lang.String,java.lang.String) throws org.apache.rocketmq.client.exception.MQClientException,org.apache.rocketmq.remoting.exception.RemotingException,java.lang.InterruptedException,org.apache.rocketmq.client.exception.MQBrokerException
2023-12-29 15:17:51.771 [main] INFO  org.springframework.web.servlet.mvc.method.annotation.RequestMappingHandlerMapping - Mapped "{[/error]}" onto public org.springframework.http.ResponseEntity<java.util.Map<java.lang.String, java.lang.Object>> org.springframework.boot.autoconfigure.web.servlet.error.BasicErrorController.error(javax.servlet.http.HttpServletRequest)
2023-12-29 15:17:51.771 [main] INFO  org.springframework.web.servlet.mvc.method.annotation.RequestMappingHandlerMapping - Mapped "{[/error],produces=[text/html]}" onto public org.springframework.web.servlet.ModelAndView org.springframework.boot.autoconfigure.web.servlet.error.BasicErrorController.errorHtml(javax.servlet.http.HttpServletRequest,javax.servlet.http.HttpServletResponse)
2023-12-29 15:17:51.787 [main] INFO  org.springframework.web.servlet.handler.SimpleUrlHandlerMapping - Mapped URL path [/webjars/**] onto handler of type [class org.springframework.web.servlet.resource.ResourceHttpRequestHandler]
2023-12-29 15:17:51.787 [main] INFO  org.springframework.web.servlet.handler.SimpleUrlHandlerMapping - Mapped URL path [/**] onto handler of type [class org.springframework.web.servlet.resource.ResourceHttpRequestHandler]
2023-12-29 15:17:51.897 [main] INFO  org.apache.coyote.http11.Http11NioProtocol - Starting ProtocolHandler ["http-nio-9099"]
2023-12-29 15:17:51.913 [main] INFO  org.apache.tomcat.util.net.NioSelectorPool - Using a shared selector for servlet write/read
2023-12-29 15:17:51.930 [main] INFO  org.springframework.boot.web.embedded.tomcat.TomcatWebServer - Tomcat started on port(s): 9099 (http) with context path ''
2023-12-29 15:17:51.930 [main] INFO  com.xinjian.rocket.demo.RocketApplication - Started RocketApplication in 1.276 seconds (JVM running for 1.768)
2023-12-29 15:17:51.930 [main] ERROR RocketApplication - ******舞台已搭建，请开始你的表演******
2023-12-29 15:17:51.930 [main] ERROR RocketApplication - *创建master*
2023-12-29 15:20:06.685 [main] INFO  com.xinjian.rocket.demo.RocketApplication - Starting RocketApplication on tanrundong with PID 21356 (C:\Users\rundo\Desktop\yunnanxinjian\new_work_palce\rocket\target\classes started by rundo in C:\Users\rundo\Desktop\yunnanxinjian\new_work_palce\rocket)
2023-12-29 15:20:06.700 [background-preinit] WARN  org.springframework.http.converter.json.Jackson2ObjectMapperBuilder - For Jackson Kotlin classes support please add "com.fasterxml.jackson.module:jackson-module-kotlin" to the classpath
2023-12-29 15:20:06.702 [main] INFO  com.xinjian.rocket.demo.RocketApplication - No active profile set, falling back to default profiles: default
2023-12-29 15:20:06.718 [main] INFO  org.springframework.boot.web.servlet.context.AnnotationConfigServletWebServerApplicationContext - Refreshing org.springframework.boot.web.servlet.context.AnnotationConfigServletWebServerApplicationContext@3829ac1: startup date [Fri Dec 29 15:20:06 CST 2023]; root of context hierarchy
2023-12-29 15:20:07.227 [main] INFO  org.springframework.boot.web.embedded.tomcat.TomcatWebServer - Tomcat initialized with port(s): 9099 (http)
2023-12-29 15:20:07.242 [main] INFO  org.apache.coyote.http11.Http11NioProtocol - Initializing ProtocolHandler ["http-nio-9099"]
2023-12-29 15:20:07.242 [main] INFO  org.apache.catalina.core.StandardService - Starting service [Tomcat]
2023-12-29 15:20:07.242 [main] INFO  org.apache.catalina.core.StandardEngine - Starting Servlet Engine: Apache Tomcat/8.5.32
2023-12-29 15:20:07.242 [localhost-startStop-1] INFO  org.apache.catalina.core.AprLifecycleListener - The APR based Apache Tomcat Native library which allows optimal performance in production environments was not found on the java.library.path: [C:\Users\rundo\Documents\Tencent Files\3317729299\FileRecv\eclipse\plugins\org.eclipse.justj.openjdk.hotspot.jre.full.win32.x86_64_17.0.9.v20231028-0858\jre\bin;C:\windows\Sun\Java\bin;C:\windows\system32;C:\windows;C:\Users\rundo\Documents\Tencent Files\3317729299\FileRecv\eclipse\plugins\org.eclipse.justj.openjdk.hotspot.jre.full.win32.x86_64_17.0.9.v20231028-0858\jre;C:\windows\system32;C:\windows;C:\windows\System32\Wbem;C:\windows\System32\WindowsPowerShell\v1.0\;C:\windows\System32\OpenSSH\;C:\Program Files (x86)\NVIDIA Corporation\PhysX\Common;D:\softWare\svn\bin;D:\softWare\apache-maven-3.6.3\bin;C:\Program Files (x86)\Microsoft SQL Server\160\Tools\Binn\;C:\Program Files\Microsoft SQL Server\160\Tools\Binn\;C:\Program Files\Microsoft SQL Server\Client SDK\ODBC\170\Tools\Binn\;C:\Program Files\Microsoft SQL Server\160\DTS\Binn\;:\Program Files (x86)\Microsoft SQL Server\160\DTS\Binn\;C:\Program Files\Azure Data Studio\bin;C:\Program Files\nodejs\node_global;C:\Program Files\nodejs\;C:\Program Files\Git\cmd;C:\Users\rundo\Documents\Tencent Files\3317729299\FileRecv\eclipse\plugins\org.eclipse.justj.openjdk.hotspot.jre.full.win32.x86_64_17.0.9.v20231028-0858\jre\bin;D:\java\Redis\;C:\Users\rundo\AppData\Local\Microsoft\WindowsApps;%IntelliJ IDEA%;C:\Program Files\Azure Data Studio\bin;C:\Users\rundo\AppData\Roaming\npm;;C:\Users\rundo\AppData\Local\Programs\Microsoft VS Code\bin;.]
2023-12-29 15:20:07.305 [localhost-startStop-1] INFO  org.apache.catalina.core.ContainerBase.[Tomcat].[localhost].[/] - Initializing Spring embedded WebApplicationContext
2023-12-29 15:20:07.305 [localhost-startStop-1] INFO  org.springframework.web.context.ContextLoader - Root WebApplicationContext: initialization completed in 587 ms
2023-12-29 15:20:07.336 [localhost-startStop-1] INFO  org.springframework.boot.web.servlet.ServletRegistrationBean - Servlet dispatcherServlet mapped to [/]
2023-12-29 15:20:07.352 [localhost-startStop-1] INFO  org.springframework.boot.web.servlet.FilterRegistrationBean - Mapping filter: 'characterEncodingFilter' to: [/*]
2023-12-29 15:20:07.352 [localhost-startStop-1] INFO  org.springframework.boot.web.servlet.FilterRegistrationBean - Mapping filter: 'hiddenHttpMethodFilter' to: [/*]
2023-12-29 15:20:07.352 [localhost-startStop-1] INFO  org.springframework.boot.web.servlet.FilterRegistrationBean - Mapping filter: 'httpPutFormContentFilter' to: [/*]
2023-12-29 15:20:07.352 [localhost-startStop-1] INFO  org.springframework.boot.web.servlet.FilterRegistrationBean - Mapping filter: 'requestContextFilter' to: [/*]
2023-12-29 15:20:07.415 [main] INFO  org.springframework.web.servlet.handler.SimpleUrlHandlerMapping - Mapped URL path [/**/favicon.ico] onto handler of type [class org.springframework.web.servlet.resource.ResourceHttpRequestHandler]
2023-12-29 15:20:07.493 [main] INFO  org.springframework.web.servlet.mvc.method.annotation.RequestMappingHandlerAdapter - Looking for @ControllerAdvice: org.springframework.boot.web.servlet.context.AnnotationConfigServletWebServerApplicationContext@3829ac1: startup date [Fri Dec 29 15:20:06 CST 2023]; root of context hierarchy
2023-12-29 15:20:07.525 [main] INFO  org.springframework.web.servlet.mvc.method.annotation.RequestMappingHandlerMapping - Mapped "{[/click]}" onto public void com.xinjian.rocket.demo.controller.HandleData.click(java.lang.String,java.lang.String,java.lang.String,java.lang.String,java.lang.String,java.lang.String) throws org.apache.rocketmq.client.exception.MQClientException,org.apache.rocketmq.remoting.exception.RemotingException,java.lang.InterruptedException,org.apache.rocketmq.client.exception.MQBrokerException
2023-12-29 15:20:07.525 [main] INFO  org.springframework.web.servlet.mvc.method.annotation.RequestMappingHandlerMapping - Mapped "{[/error]}" onto public org.springframework.http.ResponseEntity<java.util.Map<java.lang.String, java.lang.Object>> org.springframework.boot.autoconfigure.web.servlet.error.BasicErrorController.error(javax.servlet.http.HttpServletRequest)
2023-12-29 15:20:07.525 [main] INFO  org.springframework.web.servlet.mvc.method.annotation.RequestMappingHandlerMapping - Mapped "{[/error],produces=[text/html]}" onto public org.springframework.web.servlet.ModelAndView org.springframework.boot.autoconfigure.web.servlet.error.BasicErrorController.errorHtml(javax.servlet.http.HttpServletRequest,javax.servlet.http.HttpServletResponse)
2023-12-29 15:20:07.541 [main] INFO  org.springframework.web.servlet.handler.SimpleUrlHandlerMapping - Mapped URL path [/webjars/**] onto handler of type [class org.springframework.web.servlet.resource.ResourceHttpRequestHandler]
2023-12-29 15:20:07.541 [main] INFO  org.springframework.web.servlet.handler.SimpleUrlHandlerMapping - Mapped URL path [/**] onto handler of type [class org.springframework.web.servlet.resource.ResourceHttpRequestHandler]
2023-12-29 15:20:07.635 [main] INFO  org.apache.coyote.http11.Http11NioProtocol - Starting ProtocolHandler ["http-nio-9099"]
2023-12-29 15:20:07.650 [main] INFO  org.apache.tomcat.util.net.NioSelectorPool - Using a shared selector for servlet write/read
2023-12-29 15:20:07.669 [main] INFO  org.springframework.boot.web.embedded.tomcat.TomcatWebServer - Tomcat started on port(s): 9099 (http) with context path ''
2023-12-29 15:20:07.669 [main] INFO  com.xinjian.rocket.demo.RocketApplication - Started RocketApplication in 1.248 seconds (JVM running for 1.725)
2023-12-29 15:20:07.669 [main] ERROR RocketApplication - ******舞台已搭建，请开始你的表演******
2023-12-29 15:20:07.669 [main] ERROR RocketApplication - *创建master*
2023-12-29 15:21:29.652 [main] INFO  com.xinjian.rocket.demo.RocketApplication - Starting RocketApplication on tanrundong with PID 23016 (C:\Users\rundo\Desktop\yunnanxinjian\new_work_palce\rocket\target\classes started by rundo in C:\Users\rundo\Desktop\yunnanxinjian\new_work_palce\rocket)
2023-12-29 15:21:29.652 [background-preinit] WARN  org.springframework.http.converter.json.Jackson2ObjectMapperBuilder - For Jackson Kotlin classes support please add "com.fasterxml.jackson.module:jackson-module-kotlin" to the classpath
2023-12-29 15:21:29.655 [main] INFO  com.xinjian.rocket.demo.RocketApplication - No active profile set, falling back to default profiles: default
2023-12-29 15:21:29.672 [main] INFO  org.springframework.boot.web.servlet.context.AnnotationConfigServletWebServerApplicationContext - Refreshing org.springframework.boot.web.servlet.context.AnnotationConfigServletWebServerApplicationContext@4a335fa8: startup date [Fri Dec 29 15:21:29 CST 2023]; root of context hierarchy
2023-12-29 15:21:30.174 [main] INFO  org.springframework.boot.web.embedded.tomcat.TomcatWebServer - Tomcat initialized with port(s): 9099 (http)
2023-12-29 15:21:30.174 [main] INFO  org.apache.coyote.http11.Http11NioProtocol - Initializing ProtocolHandler ["http-nio-9099"]
2023-12-29 15:21:30.190 [main] INFO  org.apache.catalina.core.StandardService - Starting service [Tomcat]
2023-12-29 15:21:30.190 [main] INFO  org.apache.catalina.core.StandardEngine - Starting Servlet Engine: Apache Tomcat/8.5.32
2023-12-29 15:21:30.190 [localhost-startStop-1] INFO  org.apache.catalina.core.AprLifecycleListener - The APR based Apache Tomcat Native library which allows optimal performance in production environments was not found on the java.library.path: [C:\Users\rundo\Documents\Tencent Files\3317729299\FileRecv\eclipse\plugins\org.eclipse.justj.openjdk.hotspot.jre.full.win32.x86_64_17.0.9.v20231028-0858\jre\bin;C:\windows\Sun\Java\bin;C:\windows\system32;C:\windows;C:\Users\rundo\Documents\Tencent Files\3317729299\FileRecv\eclipse\plugins\org.eclipse.justj.openjdk.hotspot.jre.full.win32.x86_64_17.0.9.v20231028-0858\jre;C:\windows\system32;C:\windows;C:\windows\System32\Wbem;C:\windows\System32\WindowsPowerShell\v1.0\;C:\windows\System32\OpenSSH\;C:\Program Files (x86)\NVIDIA Corporation\PhysX\Common;D:\softWare\svn\bin;D:\softWare\apache-maven-3.6.3\bin;C:\Program Files (x86)\Microsoft SQL Server\160\Tools\Binn\;C:\Program Files\Microsoft SQL Server\160\Tools\Binn\;C:\Program Files\Microsoft SQL Server\Client SDK\ODBC\170\Tools\Binn\;C:\Program Files\Microsoft SQL Server\160\DTS\Binn\;:\Program Files (x86)\Microsoft SQL Server\160\DTS\Binn\;C:\Program Files\Azure Data Studio\bin;C:\Program Files\nodejs\node_global;C:\Program Files\nodejs\;C:\Program Files\Git\cmd;C:\Users\rundo\Documents\Tencent Files\3317729299\FileRecv\eclipse\plugins\org.eclipse.justj.openjdk.hotspot.jre.full.win32.x86_64_17.0.9.v20231028-0858\jre\bin;D:\java\Redis\;C:\Users\rundo\AppData\Local\Microsoft\WindowsApps;%IntelliJ IDEA%;C:\Program Files\Azure Data Studio\bin;C:\Users\rundo\AppData\Roaming\npm;;C:\Users\rundo\AppData\Local\Programs\Microsoft VS Code\bin;.]
2023-12-29 15:21:30.237 [localhost-startStop-1] INFO  org.apache.catalina.core.ContainerBase.[Tomcat].[localhost].[/] - Initializing Spring embedded WebApplicationContext
2023-12-29 15:21:30.237 [localhost-startStop-1] INFO  org.springframework.web.context.ContextLoader - Root WebApplicationContext: initialization completed in 565 ms
2023-12-29 15:21:30.284 [localhost-startStop-1] INFO  org.springframework.boot.web.servlet.ServletRegistrationBean - Servlet dispatcherServlet mapped to [/]
2023-12-29 15:21:30.284 [localhost-startStop-1] INFO  org.springframework.boot.web.servlet.FilterRegistrationBean - Mapping filter: 'characterEncodingFilter' to: [/*]
2023-12-29 15:21:30.284 [localhost-startStop-1] INFO  org.springframework.boot.web.servlet.FilterRegistrationBean - Mapping filter: 'hiddenHttpMethodFilter' to: [/*]
2023-12-29 15:21:30.284 [localhost-startStop-1] INFO  org.springframework.boot.web.servlet.FilterRegistrationBean - Mapping filter: 'httpPutFormContentFilter' to: [/*]
2023-12-29 15:21:30.284 [localhost-startStop-1] INFO  org.springframework.boot.web.servlet.FilterRegistrationBean - Mapping filter: 'requestContextFilter' to: [/*]
2023-12-29 15:21:30.347 [main] INFO  org.springframework.web.servlet.handler.SimpleUrlHandlerMapping - Mapped URL path [/**/favicon.ico] onto handler of type [class org.springframework.web.servlet.resource.ResourceHttpRequestHandler]
2023-12-29 15:21:30.441 [main] INFO  org.springframework.web.servlet.mvc.method.annotation.RequestMappingHandlerAdapter - Looking for @ControllerAdvice: org.springframework.boot.web.servlet.context.AnnotationConfigServletWebServerApplicationContext@4a335fa8: startup date [Fri Dec 29 15:21:29 CST 2023]; root of context hierarchy
2023-12-29 15:21:30.457 [main] INFO  org.springframework.web.servlet.mvc.method.annotation.RequestMappingHandlerMapping - Mapped "{[/click]}" onto public void com.xinjian.rocket.demo.controller.HandleData.click(java.lang.String,java.lang.String,java.lang.String,java.lang.String,java.lang.String,java.lang.String) throws org.apache.rocketmq.client.exception.MQClientException,org.apache.rocketmq.remoting.exception.RemotingException,java.lang.InterruptedException,org.apache.rocketmq.client.exception.MQBrokerException
2023-12-29 15:21:30.457 [main] INFO  org.springframework.web.servlet.mvc.method.annotation.RequestMappingHandlerMapping - Mapped "{[/error]}" onto public org.springframework.http.ResponseEntity<java.util.Map<java.lang.String, java.lang.Object>> org.springframework.boot.autoconfigure.web.servlet.error.BasicErrorController.error(javax.servlet.http.HttpServletRequest)
2023-12-29 15:21:30.457 [main] INFO  org.springframework.web.servlet.mvc.method.annotation.RequestMappingHandlerMapping - Mapped "{[/error],produces=[text/html]}" onto public org.springframework.web.servlet.ModelAndView org.springframework.boot.autoconfigure.web.servlet.error.BasicErrorController.errorHtml(javax.servlet.http.HttpServletRequest,javax.servlet.http.HttpServletResponse)
2023-12-29 15:21:30.474 [main] INFO  org.springframework.web.servlet.handler.SimpleUrlHandlerMapping - Mapped URL path [/webjars/**] onto handler of type [class org.springframework.web.servlet.resource.ResourceHttpRequestHandler]
2023-12-29 15:21:30.474 [main] INFO  org.springframework.web.servlet.handler.SimpleUrlHandlerMapping - Mapped URL path [/**] onto handler of type [class org.springframework.web.servlet.resource.ResourceHttpRequestHandler]
2023-12-29 15:21:30.566 [main] INFO  org.apache.coyote.http11.Http11NioProtocol - Starting ProtocolHandler ["http-nio-9099"]
2023-12-29 15:21:30.582 [main] INFO  org.apache.tomcat.util.net.NioSelectorPool - Using a shared selector for servlet write/read
2023-12-29 15:21:30.598 [main] INFO  org.springframework.boot.web.embedded.tomcat.TomcatWebServer - Tomcat started on port(s): 9099 (http) with context path ''
2023-12-29 15:21:30.598 [main] INFO  com.xinjian.rocket.demo.RocketApplication - Started RocketApplication in 1.217 seconds (JVM running for 1.702)
2023-12-29 15:21:30.598 [main] ERROR RocketApplication - ******舞台已搭建，请开始你的表演******
2023-12-29 15:21:30.614 [main] ERROR RocketApplication - *创建master*
2023-12-29 15:21:48.151 [main] INFO  com.xinjian.rocket.demo.RocketApplication - Starting RocketApplication on tanrundong with PID 9992 (C:\Users\rundo\Desktop\yunnanxinjian\new_work_palce\rocket\target\classes started by rundo in C:\Users\rundo\Desktop\yunnanxinjian\new_work_palce\rocket)
2023-12-29 15:21:48.167 [main] INFO  com.xinjian.rocket.demo.RocketApplication - No active profile set, falling back to default profiles: default
2023-12-29 15:21:48.167 [background-preinit] WARN  org.springframework.http.converter.json.Jackson2ObjectMapperBuilder - For Jackson Kotlin classes support please add "com.fasterxml.jackson.module:jackson-module-kotlin" to the classpath
2023-12-29 15:21:48.198 [main] INFO  org.springframework.boot.web.servlet.context.AnnotationConfigServletWebServerApplicationContext - Refreshing org.springframework.boot.web.servlet.context.AnnotationConfigServletWebServerApplicationContext@56f6d40b: startup date [Fri Dec 29 15:21:48 CST 2023]; root of context hierarchy
2023-12-29 15:21:48.697 [main] INFO  org.springframework.boot.web.embedded.tomcat.TomcatWebServer - Tomcat initialized with port(s): 9099 (http)
2023-12-29 15:21:48.697 [main] INFO  org.apache.coyote.http11.Http11NioProtocol - Initializing ProtocolHandler ["http-nio-9099"]
2023-12-29 15:21:48.713 [main] INFO  org.apache.catalina.core.StandardService - Starting service [Tomcat]
2023-12-29 15:21:48.713 [main] INFO  org.apache.catalina.core.StandardEngine - Starting Servlet Engine: Apache Tomcat/8.5.32
2023-12-29 15:21:48.713 [localhost-startStop-1] INFO  org.apache.catalina.core.AprLifecycleListener - The APR based Apache Tomcat Native library which allows optimal performance in production environments was not found on the java.library.path: [C:\Users\rundo\Documents\Tencent Files\3317729299\FileRecv\eclipse\plugins\org.eclipse.justj.openjdk.hotspot.jre.full.win32.x86_64_17.0.9.v20231028-0858\jre\bin;C:\windows\Sun\Java\bin;C:\windows\system32;C:\windows;C:\Users\rundo\Documents\Tencent Files\3317729299\FileRecv\eclipse\plugins\org.eclipse.justj.openjdk.hotspot.jre.full.win32.x86_64_17.0.9.v20231028-0858\jre;C:\windows\system32;C:\windows;C:\windows\System32\Wbem;C:\windows\System32\WindowsPowerShell\v1.0\;C:\windows\System32\OpenSSH\;C:\Program Files (x86)\NVIDIA Corporation\PhysX\Common;D:\softWare\svn\bin;D:\softWare\apache-maven-3.6.3\bin;C:\Program Files (x86)\Microsoft SQL Server\160\Tools\Binn\;C:\Program Files\Microsoft SQL Server\160\Tools\Binn\;C:\Program Files\Microsoft SQL Server\Client SDK\ODBC\170\Tools\Binn\;C:\Program Files\Microsoft SQL Server\160\DTS\Binn\;:\Program Files (x86)\Microsoft SQL Server\160\DTS\Binn\;C:\Program Files\Azure Data Studio\bin;C:\Program Files\nodejs\node_global;C:\Program Files\nodejs\;C:\Program Files\Git\cmd;C:\Users\rundo\Documents\Tencent Files\3317729299\FileRecv\eclipse\plugins\org.eclipse.justj.openjdk.hotspot.jre.full.win32.x86_64_17.0.9.v20231028-0858\jre\bin;D:\java\Redis\;C:\Users\rundo\AppData\Local\Microsoft\WindowsApps;%IntelliJ IDEA%;C:\Program Files\Azure Data Studio\bin;C:\Users\rundo\AppData\Roaming\npm;;C:\Users\rundo\AppData\Local\Programs\Microsoft VS Code\bin;.]
2023-12-29 15:21:48.776 [localhost-startStop-1] INFO  org.apache.catalina.core.ContainerBase.[Tomcat].[localhost].[/] - Initializing Spring embedded WebApplicationContext
2023-12-29 15:21:48.776 [localhost-startStop-1] INFO  org.springframework.web.context.ContextLoader - Root WebApplicationContext: initialization completed in 593 ms
2023-12-29 15:21:48.812 [localhost-startStop-1] INFO  org.springframework.boot.web.servlet.ServletRegistrationBean - Servlet dispatcherServlet mapped to [/]
2023-12-29 15:21:48.812 [localhost-startStop-1] INFO  org.springframework.boot.web.servlet.FilterRegistrationBean - Mapping filter: 'characterEncodingFilter' to: [/*]
2023-12-29 15:21:48.823 [localhost-startStop-1] INFO  org.springframework.boot.web.servlet.FilterRegistrationBean - Mapping filter: 'hiddenHttpMethodFilter' to: [/*]
2023-12-29 15:21:48.823 [localhost-startStop-1] INFO  org.springframework.boot.web.servlet.FilterRegistrationBean - Mapping filter: 'httpPutFormContentFilter' to: [/*]
2023-12-29 15:21:48.823 [localhost-startStop-1] INFO  org.springframework.boot.web.servlet.FilterRegistrationBean - Mapping filter: 'requestContextFilter' to: [/*]
2023-12-29 15:21:48.870 [main] INFO  org.springframework.web.servlet.handler.SimpleUrlHandlerMapping - Mapped URL path [/**/favicon.ico] onto handler of type [class org.springframework.web.servlet.resource.ResourceHttpRequestHandler]
2023-12-29 15:21:48.964 [main] INFO  org.springframework.web.servlet.mvc.method.annotation.RequestMappingHandlerAdapter - Looking for @ControllerAdvice: org.springframework.boot.web.servlet.context.AnnotationConfigServletWebServerApplicationContext@56f6d40b: startup date [Fri Dec 29 15:21:48 CST 2023]; root of context hierarchy
2023-12-29 15:21:48.980 [main] INFO  org.springframework.web.servlet.mvc.method.annotation.RequestMappingHandlerMapping - Mapped "{[/click]}" onto public void com.xinjian.rocket.demo.controller.HandleData.click(java.lang.String,java.lang.String,java.lang.String,java.lang.String,java.lang.String,java.lang.String) throws org.apache.rocketmq.client.exception.MQClientException,org.apache.rocketmq.remoting.exception.RemotingException,java.lang.InterruptedException,org.apache.rocketmq.client.exception.MQBrokerException
2023-12-29 15:21:48.995 [main] INFO  org.springframework.web.servlet.mvc.method.annotation.RequestMappingHandlerMapping - Mapped "{[/error]}" onto public org.springframework.http.ResponseEntity<java.util.Map<java.lang.String, java.lang.Object>> org.springframework.boot.autoconfigure.web.servlet.error.BasicErrorController.error(javax.servlet.http.HttpServletRequest)
2023-12-29 15:21:48.995 [main] INFO  org.springframework.web.servlet.mvc.method.annotation.RequestMappingHandlerMapping - Mapped "{[/error],produces=[text/html]}" onto public org.springframework.web.servlet.ModelAndView org.springframework.boot.autoconfigure.web.servlet.error.BasicErrorController.errorHtml(javax.servlet.http.HttpServletRequest,javax.servlet.http.HttpServletResponse)
2023-12-29 15:21:48.995 [main] INFO  org.springframework.web.servlet.handler.SimpleUrlHandlerMapping - Mapped URL path [/webjars/**] onto handler of type [class org.springframework.web.servlet.resource.ResourceHttpRequestHandler]
2023-12-29 15:21:48.995 [main] INFO  org.springframework.web.servlet.handler.SimpleUrlHandlerMapping - Mapped URL path [/**] onto handler of type [class org.springframework.web.servlet.resource.ResourceHttpRequestHandler]
2023-12-29 15:21:49.090 [main] INFO  org.apache.coyote.http11.Http11NioProtocol - Starting ProtocolHandler ["http-nio-9099"]
2023-12-29 15:21:49.121 [main] INFO  org.apache.tomcat.util.net.NioSelectorPool - Using a shared selector for servlet write/read
2023-12-29 15:21:49.137 [main] INFO  org.springframework.boot.web.embedded.tomcat.TomcatWebServer - Tomcat started on port(s): 9099 (http) with context path ''
2023-12-29 15:21:49.137 [main] INFO  com.xinjian.rocket.demo.RocketApplication - Started RocketApplication in 1.235 seconds (JVM running for 1.716)
2023-12-29 15:21:49.137 [main] ERROR RocketApplication - ******舞台已搭建，请开始你的表演******
2023-12-29 15:21:49.137 [main] ERROR RocketApplication - *创建master*
